0 info it worked if it ends with ok
1 verbose cli [ 'C:\\Program Files\\nodejs\\node.exe',
1 verbose cli   'C:\\Users\\bytrain\\AppData\\Roaming\\npm\\node_modules\\npm\\bin\\npm-cli.js',
1 verbose cli   'start' ]
2 info using npm@3.10.9
3 info using node@v8.0.0
4 verbose run-script [ 'prestart', 'start', 'poststart' ]
5 info lifecycle h5@0.0.0~prestart: h5@0.0.0
6 silly lifecycle h5@0.0.0~prestart: no script for prestart, continuing
7 info lifecycle h5@0.0.0~start: h5@0.0.0
8 verbose lifecycle h5@0.0.0~start: unsafe-perm in lifecycle true
9 verbose lifecycle h5@0.0.0~start: PATH: C:\Users\bytrain\AppData\Roaming\npm\node_modules\npm\bin\node-gyp-bin;C:\Users\bytrain\Desktop\h5_simple_backend\node_modules\.bin;C:\ProgramData\Oracle\Java\javapath;C:\Program Files\Java\jdk1.8.0_92\bin;C:\Program Files\Java\jdk1.8.0_92\jre\bin;C:\Program Files\nodejs\;D:\Git\bin;D:\Git\mingw64\libexec\git-core;D:\python2.7;C:\Windows\System32;C:\WINDOWS\system32;C:\WINDOWS;C:\WINDOWS\System32\Wbem;C:\WINDOWS\System32\WindowsPowerShell\v1.0\;D:\Putty\;D:\cocos2d-x-3.15\templates;D:\cocos2d-x-3.15\tools\cocos2d-console\bin;\cocos2d-x-3\templates;C:\Users\bytrain\AppData\Local\Microsoft\WindowsApps;C:\Program Files (x86)\Ruff SDK\bin;D:\python2.7\Scripts;C:\Users\bytrain\AppData\Roaming\npm;D:\anaconda\Scripts;;D:\Microsoft VS Code\bin
10 verbose lifecycle h5@0.0.0~start: CWD: C:\Users\bytrain\Desktop\h5_simple_backend
11 silly lifecycle h5@0.0.0~start: Args: [ '/d /s /c', 'node ./bin/www' ]
12 verbose stack Error: kill ENOSYS
12 verbose stack     at exports._errnoException (util.js:1026:11)
12 verbose stack     at process.kill (internal/process.js:181:13)
12 verbose stack     at process.listener (C:\Users\bytrain\AppData\Roaming\npm\node_modules\npm\node_modules\npmlog\node_modules\gauge\node_modules\signal-exit\index.js:86:15)
12 verbose stack     at emitNone (events.js:110:20)
12 verbose stack     at process.emit (events.js:207:7)
12 verbose stack     at processEmit (C:\Users\bytrain\AppData\Roaming\npm\node_modules\npm\node_modules\npmlog\node_modules\gauge\node_modules\signal-exit\index.js:146:32)
12 verbose stack     at processEmit (C:\Users\bytrain\AppData\Roaming\npm\node_modules\npm\node_modules\npm-registry-client\node_modules\npmlog\node_modules\gauge\node_modules\signal-exit\index.js:146:32)
12 verbose stack     at Signal.wrap.onsignal (internal/process.js:207:44)
13 verbose cwd C:\Users\bytrain\Desktop\h5_simple_backend
14 error Windows_NT 10.0.15063
15 error argv "C:\\Program Files\\nodejs\\node.exe" "C:\\Users\\bytrain\\AppData\\Roaming\\npm\\node_modules\\npm\\bin\\npm-cli.js" "start"
16 error node v8.0.0
17 error npm  v3.10.9
18 error code ENOSYS
19 error errno ENOSYS
20 error syscall kill
21 error kill ENOSYS
22 error If you need help, you may report this error at:
22 error     <https://github.com/npm/npm/issues>
23 verbose exit [ 1, true ]
